0 info it worked if it ends with ok
1 verbose cli [ '/usr/bin/node', '/usr/bin/npm', 'run', 'dev', '1234' ]
2 info using npm@3.5.2
3 info using node@v8.10.0
4 verbose run-script [ 'predev', 'dev', 'postdev' ]
5 info lifecycle a3@1.0.0~predev: a3@1.0.0
6 silly lifecycle a3@1.0.0~predev: no script for predev, continuing
7 info lifecycle a3@1.0.0~dev: a3@1.0.0
8 verbose lifecycle a3@1.0.0~dev: unsafe-perm in lifecycle true
9 verbose lifecycle a3@1.0.0~dev: PATH: /usr/share/npm/bin/node-gyp-bin:/mnt/c/Users/Nickolas/Desktop/SVG_EDITOR/node_modules/.bin:/home/ubuntu/.local/bin:/usr/local/sbin:/usr/local/bin:/usr/sbin:/usr/bin:/sbin:/bin:/usr/games:/usr/local/games:/mnt/c/Python310/Scripts/:/mnt/c/Python310/:/mnt/c/Program Files/NVIDIA GPU Computing Toolkit/CUDA/v11.2/bin:/mnt/c/Program Files/NVIDIA GPU Computing Toolkit/CUDA/v11.2/libnvvp:/mnt/c/Program Files/Intel/iCLS Client/:/mnt/c/Windows/system32:/mnt/c/Windows:/mnt/c/Windows/System32/Wbem:/mnt/c/Windows/System32/WindowsPowerShell/v1.0/:/mnt/c/Program Files (x86)/NVIDIA Corporation/PhysX/Common:/mnt/c/WINDOWS/system32:/mnt/c/WINDOWS:/mnt/c/WINDOWS/System32/Wbem:/mnt/c/WINDOWS/System32/WindowsPowerShell/v1.0/:/mnt/c/WINDOWS/System32/OpenSSH/:/mnt/c/Program Files/dotnet/:/mnt/c/Users/Nickolas/apache-ant-1.10.7-bin/apache-ant-1.10.7/bin:/mnt/c/MinGW/bin:/mnt/c/FPC/3.2.0/bin/i386-Win32:/mnt/c/Program Files (x86)/Intel/Intel(R) Management Engine Components/DAL:/mnt/c/Program Files/Intel/Intel(R) Management Engine Components/DAL:/mnt/c/Program Files/NVIDIA Corporation/NVIDIA NvDLISR:/mnt/c/Users/Nickolas/swigwin-3.0.12:/mnt/c/Program Files/NVIDIA Corporation/Nsight Compute 2020.3.0/:/mnt/c/Program Files/nodejs/:/mnt/c/ProgramData/chocolatey/bin:/mnt/c/Users/Nickolas/scoop/shims:/mnt/c/Users/Nickolas/AppData/Local/Programs/Python/Python39:/mnt/c/Users/Nickolas/AppData/Local/Programs/Python/Python39/Scripts:/mnt/c/Users/Nickolas/AppData/Local/Programs/Python/Python39/Lib/site-packages/bazel-0.0.0.20200723.dist-info:/mnt/c/Users/Nickolas/AppData/Local/bazel:/mnt/c/msys64/usr/bin:/mnt/c/Program Files/NVIDIA GPU Computing Toolkit/CUDA/v11.2/bin:/mnt/c/Program Files/NVIDIA GPU Computing Toolkit/CUDA/v11.2/libnvvp:/mnt/c/Program Files/NVIDIA GPU Computing Toolkit/CUDA/v11.2/extras/CUPTI/libx64:/mnt/c/Program Files/NVIDIA GPU Computing Toolkit/CUDA/v11.2/include:/mnt/c/Users/Nickolas/Downloads/cudnn-11.2-windows-x64-v8.1.0.77/cuda:/mnt/c/msys64:/mnt/c/Users/Nickolas/AppData/Local/Programs/Microsoft VS Code/bin:/mnt/c/Users/Nickolas/AppData/Local/Programs/Git/cmd:/mnt/c/Users/Nickolas/AppData/Local/Programs/Git/mingw64/bin:/mnt/c/Users/Nickolas/AppData/Local/Programs/Git/usr/bin:/mnt/c/Users/Nickolas/AppData/Roaming/npm:/snap/bin
10 verbose lifecycle a3@1.0.0~dev: CWD: /mnt/c/Users/Nickolas/Desktop/SVG_EDITOR
11 silly lifecycle a3@1.0.0~dev: Args: [ '-c', 'nodemon app.js "1234"' ]
12 silly lifecycle a3@1.0.0~dev: Returned: code: 1  signal: null
13 info lifecycle a3@1.0.0~dev: Failed to exec dev script
14 verbose stack Error: a3@1.0.0 dev: `nodemon app.js "1234"`
14 verbose stack Exit status 1
14 verbose stack     at EventEmitter.<anonymous> (/usr/share/npm/lib/utils/lifecycle.js:232:16)
14 verbose stack     at emitTwo (events.js:126:13)
14 verbose stack     at EventEmitter.emit (events.js:214:7)
14 verbose stack     at ChildProcess.<anonymous> (/usr/share/npm/lib/utils/spawn.js:24:14)
14 verbose stack     at emitTwo (events.js:126:13)
14 verbose stack     at ChildProcess.emit (events.js:214:7)
14 verbose stack     at maybeClose (internal/child_process.js:925:16)
14 verbose stack     at Process.ChildProcess._handle.onexit (internal/child_process.js:209:5)
15 verbose pkgid a3@1.0.0
16 verbose cwd /mnt/c/Users/Nickolas/Desktop/SVG_EDITOR
17 error Linux 4.4.0-19041-Microsoft
18 error argv "/usr/bin/node" "/usr/bin/npm" "run" "dev" "1234"
19 error node v8.10.0
20 error npm  v3.5.2
21 error code ELIFECYCLE
22 error a3@1.0.0 dev: `nodemon app.js "1234"`
22 error Exit status 1
23 error Failed at the a3@1.0.0 dev script 'nodemon app.js "1234"'.
23 error Make sure you have the latest version of node.js and npm installed.
23 error If you do, this is most likely a problem with the a3 package,
23 error not with npm itself.
23 error Tell the author that this fails on your system:
23 error     nodemon app.js "1234"
23 error You can get information on how to open an issue for this project with:
23 error     npm bugs a3
23 error Or if that isn't available, you can get their info via:
23 error     npm owner ls a3
23 error There is likely additional logging output above.
24 verbose exit [ 1, true ]
